# JRE version: OpenJDK Runtime Environment Temurin-21.0.8+9 (21.0.8+9) (build 21.0.8+9-LTS)
# Java VM: OpenJDK 64-Bit Server VM Temurin-21.0.8+9 (21.0.8+9-LTS, mixed mode, sharing, tiered, compressed oops, compressed class ptrs, parallel gc, windows-amd64)
GC Precious Log:
 CardTable entry size: 512
 CPUs: 8 total, 8 available
 Memory: 8013M
 Large Page Support: Disabled
 NUMA Support: Disabled
 Compressed Oops: Enabled (32-bit)
 Alignments: Space 512K, Generation 512K, Heap 2M
 Heap Min Capacity: 100M
 Heap Initial Capacity: 100M
 Heap Max Capacity: 2G
 Pre-touch: Disabled
 Parallel Workers: 8
Heap:
 PSYoungGen      total 4096K, used 2215K [0x00000000d5580000, 0x00000000d5a80000, 0x0000000100000000)
  eden space 3072K, 48% used [0x00000000d5580000,0x00000000d56f48f0,0x00000000d5880000)
  from space 1024K, 70% used [0x00000000d5880000,0x00000000d5935688,0x00000000d5980000)
  to   space 1024K, 0% used [0x00000000d5980000,0x00000000d5980000,0x00000000d5a80000)
 ParOldGen       total 229888K, used 229717K [0x0000000080000000, 0x000000008e080000, 0x00000000d5580000)
  object space 229888K, 99% used [0x0000000080000000,0x000000008e0556a0,0x000000008e080000)
 Metaspace       used 64474K, committed 65856K, reserved 1114112K
  class space    used 6514K, committed 7104K, reserved 1048576K
GC Heap History (20 events):
Event: 53.425 GC heap before
{Heap before GC invocations=197 (full 3):
 PSYoungGen      total 4096K, used 3711K [0x00000000d5580000, 0x00000000d5a80000, 0x0000000100000000)
  eden space 3072K, 99% used [0x00000000d5580000,0x00000000d587fd78,0x00000000d5880000)
  from space 1024K, 62% used [0x00000000d5880000,0x00000000d5920000,0x00000000d5980000)
  to   space 1024K, 0% used [0x00000000d5980000,0x00000000d5980000,0x00000000d5a80000)
 ParOldGen       total 220672K, used 220441K [0x0000000080000000, 0x000000008d780000, 0x00000000d5580000)
  object space 220672K, 99% used [0x0000000080000000,0x000000008d746440,0x000000008d780000)
 Metaspace       used 64193K, committed 65664K, reserved 1114112K
  class space    used 6489K, committed 7104K, reserved 1048576K
}
Event: 53.429 GC heap after
{Heap after GC invocations=197 (full 3):
 PSYoungGen      total 4096K, used 699K [0x00000000d5580000, 0x00000000d5a80000, 0x0000000100000000)
  eden space 3072K, 0% used [0x00000000d5580000,0x00000000d5580000,0x00000000d5880000)
  from space 1024K, 68% used [0x00000000d5980000,0x00000000d5a2eea8,0x00000000d5a80000)
  to   space 1024K, 0% used [0x00000000d5880000,0x00000000d5880000,0x00000000d5980000)
 ParOldGen       total 221184K, used 220963K [0x0000000080000000, 0x000000008d800000, 0x00000000d5580000)
  object space 221184K, 99% used [0x0000000080000000,0x000000008d7c8e38,0x000000008d800000)
 Metaspace       used 64193K, committed 65664K, reserved 1114112K
  class space    used 6489K, committed 7104K, reserved 1048576K
}
Event: 53.480 GC heap before
{Heap before GC invocations=198 (full 3):
 PSYoungGen      total 4096K, used 3771K [0x00000000d5580000, 0x00000000d5a80000, 0x0000000100000000)
  eden space 3072K, 100% used [0x00000000d5580000,0x00000000d5880000,0x00000000d5880000)
  from space 1024K, 68% used [0x00000000d5980000,0x00000000d5a2eea8,0x00000000d5a80000)
  to   space 1024K, 0% used [0x00000000d5880000,0x00000000d5880000,0x00000000d5980000)
 ParOldGen       total 221184K, used 220963K [0x0000000080000000, 0x000000008d800000, 0x00000000d5580000)
  object space 221184K, 99% used [0x0000000080000000,0x000000008d7c8e38,0x000000008d800000)
 Metaspace       used 64282K, committed 65728K, reserved 1114112K
  class space    used 6506K, committed 7104K, reserved 1048576K
}
Event: 53.483 GC heap after
{Heap after GC invocations=198 (full 3):
 PSYoungGen      total 4096K, used 758K [0x00000000d5580000, 0x00000000d5a80000, 0x0000000100000000)
  eden space 3072K, 0% used [0x00000000d5580000,0x00000000d5580000,0x00000000d5880000)
  from space 1024K, 74% used [0x00000000d5880000,0x00000000d593d9f8,0x00000000d5980000)
  to   space 1024K, 0% used [0x00000000d5980000,0x00000000d5980000,0x00000000d5a80000)
 ParOldGen       total 221696K, used 221610K [0x0000000080000000, 0x000000008d880000, 0x00000000d5580000)
  object space 221696K, 99% used [0x0000000080000000,0x000000008d86a948,0x000000008d880000)
 Metaspace       used 64282K, committed 65728K, reserved 1114112K
  class space    used 6506K, committed 7104K, reserved 1048576K
}
Event: 53.532 GC heap before
{Heap before GC invocations=199 (full 3):
 PSYoungGen      total 4096K, used 3824K [0x00000000d5580000, 0x00000000d5a80000, 0x0000000100000000)
  eden space 3072K, 99% used [0x00000000d5580000,0x00000000d587e948,0x00000000d5880000)
  from space 1024K, 74% used [0x00000000d5880000,0x00000000d593d9f8,0x00000000d5980000)
  to   space 1024K, 0% used [0x00000000d5980000,0x00000000d5980000,0x00000000d5a80000)
 ParOldGen       total 225280K, used 225066K [0x0000000080000000, 0x000000008dc00000, 0x00000000d5580000)
  object space 225280K, 99% used [0x0000000080000000,0x000000008dbca950,0x000000008dc00000)
 Metaspace       used 64340K, committed 65728K, reserved 1114112K
  class space    used 6513K, committed 7104K, reserved 1048576K
}
Event: 53.535 GC heap after
{Heap after GC invocations=199 (full 3):
 PSYoungGen      total 4096K, used 691K [0x00000000d5580000, 0x00000000d5a80000, 0x0000000100000000)
  eden space 3072K, 0% used [0x00000000d5580000,0x00000000d5580000,0x00000000d5880000)
  from space 1024K, 67% used [0x00000000d5980000,0x00000000d5a2ccb0,0x00000000d5a80000)
  to   space 1024K, 0% used [0x00000000d5880000,0x00000000d5880000,0x00000000d5980000)
 ParOldGen       total 225792K, used 225724K [0x0000000080000000, 0x000000008dc80000, 0x00000000d5580000)
  object space 225792K, 99% used [0x0000000080000000,0x000000008dc6f1b8,0x000000008dc80000)
 Metaspace       used 64340K, committed 65728K, reserved 1114112K
  class space    used 6513K, committed 7104K, reserved 1048576K
}
Event: 53.560 GC heap before
{Heap before GC invocations=200 (full 3):
 PSYoungGen      total 4096K, used 3763K [0x00000000d5580000, 0x00000000d5a80000, 0x0000000100000000)
  eden space 3072K, 100% used [0x00000000d5580000,0x00000000d5880000,0x00000000d5880000)
  from space 1024K, 67% used [0x00000000d5980000,0x00000000d5a2ccb0,0x00000000d5a80000)
  to   space 1024K, 0% used [0x00000000d5880000,0x00000000d5880000,0x00000000d5980000)
 ParOldGen       total 225792K, used 225724K [0x0000000080000000, 0x000000008dc80000, 0x00000000d5580000)
  object space 225792K, 99% used [0x0000000080000000,0x000000008dc6f1b8,0x000000008dc80000)
 Metaspace       used 64345K, committed 65792K, reserved 1114112K
  class space    used 6513K, committed 7104K, reserved 1048576K
}
Event: 53.561 GC heap after
{Heap after GC invocations=200 (full 3):
 PSYoungGen      total 4096K, used 752K [0x00000000d5580000, 0x00000000d5a80000, 0x0000000100000000)
  eden space 3072K, 0% used [0x00000000d5580000,0x00000000d5580000,0x00000000d5880000)
  from space 1024K, 73% used [0x00000000d5880000,0x00000000d593c010,0x00000000d5980000)
  to   space 1024K, 0% used [0x00000000d5980000,0x00000000d5980000,0x00000000d5a80000)
 ParOldGen       total 226304K, used 226294K [0x0000000080000000, 0x000000008dd00000, 0x00000000d5580000)
  object space 226304K, 99% used [0x0000000080000000,0x000000008dcfdb40,0x000000008dd00000)
 Metaspace       used 64345K, committed 65792K, reserved 1114112K
  class space    used 6513K, committed 7104K, reserved 1048576K
}
Event: 53.602 GC heap before
{Heap before GC invocations=201 (full 3):
 PSYoungGen      total 4096K, used 3823K [0x00000000d5580000, 0x00000000d5a80000, 0x0000000100000000)
  eden space 3072K, 99% used [0x00000000d5580000,0x00000000d587fef0,0x00000000d5880000)
  from space 1024K, 73% used [0x00000000d5880000,0x00000000d593c010,0x00000000d5980000)
  to   space 1024K, 0% used [0x00000000d5980000,0x00000000d5980000,0x00000000d5a80000)
 ParOldGen       total 226304K, used 226294K [0x0000000080000000, 0x000000008dd00000, 0x00000000d5580000)
  object space 226304K, 99% used [0x0000000080000000,0x000000008dcfdb40,0x000000008dd00000)
 Metaspace       used 64358K, committed 65792K, reserved 1114112K
  class space    used 6513K, committed 7104K, reserved 1048576K
}
Event: 53.607 GC heap after
{Heap after GC invocations=201 (full 3):
 PSYoungGen      total 4096K, used 800K [0x00000000d5580000, 0x00000000d5a80000, 0x0000000100000000)
  eden space 3072K, 0% used [0x00000000d5580000,0x00000000d5580000,0x00000000d5880000)
  from space 1024K, 78% used [0x00000000d5980000,0x00000000d5a48000,0x00000000d5a80000)
  to   space 1024K, 0% used [0x00000000d5880000,0x00000000d5880000,0x00000000d5980000)
 ParOldGen       total 226816K, used 226646K [0x0000000080000000, 0x000000008dd80000, 0x00000000d5580000)
  object space 226816K, 99% used [0x0000000080000000,0x000000008dd55b40,0x000000008dd80000)
 Metaspace       used 64358K, committed 65792K, reserved 1114112K
  class space    used 6513K, committed 7104K, reserved 1048576K
}
Event: 53.632 GC heap before
{Heap before GC invocations=202 (full 3):
 PSYoungGen      total 4096K, used 3872K [0x00000000d5580000, 0x00000000d5a80000, 0x0000000100000000)
  eden space 3072K, 100% used [0x00000000d5580000,0x00000000d5880000,0x00000000d5880000)
  from space 1024K, 78% used [0x00000000d5980000,0x00000000d5a48000,0x00000000d5a80000)
  to   space 1024K, 0% used [0x00000000d5880000,0x00000000d5880000,0x00000000d5980000)
 ParOldGen       total 226816K, used 226646K [0x0000000080000000, 0x000000008dd80000, 0x00000000d5580000)
  object space 226816K, 99% used [0x0000000080000000,0x000000008dd55b40,0x000000008dd80000)
 Metaspace       used 64369K, committed 65792K, reserved 1114112K
  class space    used 6513K, committed 7104K, reserved 1048576K
}
Event: 53.635 GC heap after
{Heap after GC invocations=202 (full 3):
 PSYoungGen      total 4096K, used 672K [0x00000000d5580000, 0x00000000d5a80000, 0x0000000100000000)
  eden space 3072K, 0% used [0x00000000d5580000,0x00000000d5580000,0x00000000d5880000)
  from space 1024K, 65% used [0x00000000d5880000,0x00000000d5928000,0x00000000d5980000)
  to   space 1024K, 0% used [0x00000000d5980000,0x00000000d5980000,0x00000000d5a80000)
 ParOldGen       total 227328K, used 227086K [0x0000000080000000, 0x000000008de00000, 0x00000000d5580000)
  object space 227328K, 99% used [0x0000000080000000,0x000000008ddc3b40,0x000000008de00000)
 Metaspace       used 64369K, committed 65792K, reserved 1114112K
  class space    used 6513K, committed 7104K, reserved 1048576K
}
Event: 54.670 GC heap before
{Heap before GC invocations=203 (full 3):
 PSYoungGen      total 4096K, used 3744K [0x00000000d5580000, 0x00000000d5a80000, 0x0000000100000000)
  eden space 3072K, 100% used [0x00000000d5580000,0x00000000d5880000,0x00000000d5880000)
  from space 1024K, 65% used [0x00000000d5880000,0x00000000d5928000,0x00000000d5980000)
  to   space 1024K, 0% used [0x00000000d5980000,0x00000000d5980000,0x00000000d5a80000)
 ParOldGen       total 227328K, used 227086K [0x0000000080000000, 0x000000008de00000, 0x00000000d5580000)
  object space 227328K, 99% used [0x0000000080000000,0x000000008ddc3b40,0x000000008de00000)
 Metaspace       used 64379K, committed 65792K, reserved 1114112K
  class space    used 6513K, committed 7104K, reserved 1048576K
}
Event: 54.674 GC heap after
{Heap after GC invocations=203 (full 3):
 PSYoungGen      total 4096K, used 528K [0x00000000d5580000, 0x00000000d5a80000, 0x0000000100000000)
  eden space 3072K, 0% used [0x00000000d5580000,0x00000000d5580000,0x00000000d5880000)
  from space 1024K, 51% used [0x00000000d5980000,0x00000000d5a04020,0x00000000d5a80000)
  to   space 1024K, 0% used [0x00000000d5880000,0x00000000d5880000,0x00000000d5980000)
 ParOldGen       total 227840K, used 227430K [0x0000000080000000, 0x000000008de80000, 0x00000000d5580000)
  object space 227840K, 99% used [0x0000000080000000,0x000000008de19b40,0x000000008de80000)
 Metaspace       used 64379K, committed 65792K, reserved 1114112K
  class space    used 6513K, committed 7104K, reserved 1048576K
}
Event: 54.735 GC heap before
{Heap before GC invocations=204 (full 3):
 PSYoungGen      total 4096K, used 3600K [0x00000000d5580000, 0x00000000d5a80000, 0x0000000100000000)
  eden space 3072K, 100% used [0x00000000d5580000,0x00000000d5880000,0x00000000d5880000)
  from space 1024K, 51% used [0x00000000d5980000,0x00000000d5a04020,0x00000000d5a80000)
  to   space 1024K, 0% used [0x00000000d5880000,0x00000000d5880000,0x00000000d5980000)
 ParOldGen       total 227840K, used 227430K [0x0000000080000000, 0x000000008de80000, 0x00000000d5580000)
  object space 227840K, 99% used [0x0000000080000000,0x000000008de19b40,0x000000008de80000)
 Metaspace       used 64387K, committed 65792K, reserved 1114112K
  class space    used 6513K, committed 7104K, reserved 1048576K
}
Event: 54.738 GC heap after
{Heap after GC invocations=204 (full 3):
 PSYoungGen      total 4096K, used 544K [0x00000000d5580000, 0x00000000d5a80000, 0x0000000100000000)
  eden space 3072K, 0% used [0x00000000d5580000,0x00000000d5580000,0x00000000d5880000)
  from space 1024K, 53% used [0x00000000d5880000,0x00000000d5908000,0x00000000d5980000)
  to   space 1024K, 0% used [0x00000000d5980000,0x00000000d5980000,0x00000000d5a80000)
 ParOldGen       total 227840K, used 227534K [0x0000000080000000, 0x000000008de80000, 0x00000000d5580000)
  object space 227840K, 99% used [0x0000000080000000,0x000000008de33b40,0x000000008de80000)
 Metaspace       used 64387K, committed 65792K, reserved 1114112K
  class space    used 6513K, committed 7104K, reserved 1048576K
}
Event: 54.810 GC heap before
{Heap before GC invocations=205 (full 3):
 PSYoungGen      total 4096K, used 3616K [0x00000000d5580000, 0x00000000d5a80000, 0x0000000100000000)
  eden space 3072K, 100% used [0x00000000d5580000,0x00000000d5880000,0x00000000d5880000)
  from space 1024K, 53% used [0x00000000d5880000,0x00000000d5908000,0x00000000d5980000)
  to   space 1024K, 0% used [0x00000000d5980000,0x00000000d5980000,0x00000000d5a80000)
 ParOldGen       total 227840K, used 227534K [0x0000000080000000, 0x000000008de80000, 0x00000000d5580000)
  object space 227840K, 99% used [0x0000000080000000,0x000000008de33b40,0x000000008de80000)
 Metaspace       used 64425K, committed 65856K, reserved 1114112K
  class space    used 6513K, committed 7104K, reserved 1048576K
}
Event: 54.814 GC heap after
{Heap after GC invocations=205 (full 3):
 PSYoungGen      total 3584K, used 416K [0x00000000d5580000, 0x00000000d5a00000, 0x0000000100000000)
  eden space 3072K, 0% used [0x00000000d5580000,0x00000000d5580000,0x00000000d5880000)
  from space 512K, 81% used [0x00000000d5980000,0x00000000d59e8000,0x00000000d5a00000)
  to   space 512K, 0% used [0x00000000d5900000,0x00000000d5900000,0x00000000d5980000)
 ParOldGen       total 227840K, used 227794K [0x0000000080000000, 0x000000008de80000, 0x00000000d5580000)
  object space 227840K, 99% used [0x0000000080000000,0x000000008de74b50,0x000000008de80000)
 Metaspace       used 64425K, committed 65856K, reserved 1114112K
  class space    used 6513K, committed 7104K, reserved 1048576K
}
Event: 54.847 GC heap before
{Heap before GC invocations=206 (full 3):
 PSYoungGen      total 3584K, used 3488K [0x00000000d5580000, 0x00000000d5a00000, 0x0000000100000000)
  eden space 3072K, 100% used [0x00000000d5580000,0x00000000d5880000,0x00000000d5880000)
  from space 512K, 81% used [0x00000000d5980000,0x00000000d59e8000,0x00000000d5a00000)
  to   space 512K, 0% used [0x00000000d5900000,0x00000000d5900000,0x00000000d5980000)
 ParOldGen       total 227840K, used 227794K [0x0000000080000000, 0x000000008de80000, 0x00000000d5580000)
  object space 227840K, 99% used [0x0000000080000000,0x000000008de74b50,0x000000008de80000)
 Metaspace       used 64439K, committed 65856K, reserved 1114112K
  class space    used 6513K, committed 7104K, reserved 1048576K
}
Event: 54.850 GC heap after
{Heap after GC invocations=206 (full 3):
 PSYoungGen      total 3584K, used 512K [0x00000000d5580000, 0x00000000d5a80000, 0x0000000100000000)
  eden space 3072K, 0% used [0x00000000d5580000,0x00000000d5580000,0x00000000d5880000)
  from space 512K, 100% used [0x00000000d5900000,0x00000000d5980000,0x00000000d5980000)
  to   space 1024K, 0% used [0x00000000d5980000,0x00000000d5980000,0x00000000d5a80000)
 ParOldGen       total 228352K, used 228018K [0x0000000080000000, 0x000000008df00000, 0x00000000d5580000)
  object space 228352K, 99% used [0x0000000080000000,0x000000008deacb50,0x000000008df00000)
 Metaspace       used 64439K, committed 65856K, reserved 1114112K
  class space    used 6513K, committed 7104K, reserved 1048576K
}

