# JRE version: OpenJDK Runtime Environment Temurin-21.0.8+9 (21.0.8+9) (build 21.0.8+9-LTS)
# Java VM: OpenJDK 64-Bit Server VM Temurin-21.0.8+9 (21.0.8+9-LTS, mixed mode, sharing, tiered, compressed oops, compressed class ptrs, parallel gc, windows-amd64)
GC Precious Log:
 CardTable entry size: 512
 CPUs: 8 total, 8 available
 Memory: 8013M
 Large Page Support: Disabled
 NUMA Support: Disabled
 Compressed Oops: Enabled (32-bit)
 Alignments: Space 512K, Generation 512K, Heap 2M
 Heap Min Capacity: 100M
 Heap Initial Capacity: 100M
 Heap Max Capacity: 2G
 Pre-touch: Disabled
 Parallel Workers: 8
Heap:
 PSYoungGen      total 9216K, used 3687K [0x00000000d5580000, 0x00000000d6180000, 0x0000000100000000)
  eden space 8192K, 34% used [0x00000000d5580000,0x00000000d5846d20,0x00000000d5d80000)
  from space 1024K, 82% used [0x00000000d6080000,0x00000000d61530c0,0x00000000d6180000)
  to   space 1024K, 0% used [0x00000000d5f80000,0x00000000d5f80000,0x00000000d6080000)
 ParOldGen       total 1017856K, used 596323K [0x0000000080000000, 0x00000000be200000, 0x00000000d5580000)
  object space 1017856K, 58% used [0x0000000080000000,0x00000000a4658c00,0x00000000be200000)
 Metaspace       used 73065K, committed 74752K, reserved 1179648K
  class space    used 7317K, committed 8128K, reserved 1048576K
GC Heap History (20 events):
Event: 420.216 GC heap before
{Heap before GC invocations=2605 (full 4):
 PSYoungGen      total 4608K, used 4224K [0x00000000d5580000, 0x00000000d5d00000, 0x0000000100000000)
  eden space 2560K, 100% used [0x00000000d5580000,0x00000000d5800000,0x00000000d5800000)
  from space 2048K, 81% used [0x00000000d5b00000,0x00000000d5ca0000,0x00000000d5d00000)
  to   space 2560K, 0% used [0x00000000d5800000,0x00000000d5800000,0x00000000d5a80000)
 ParOldGen       total 1017856K, used 572925K [0x0000000080000000, 0x00000000be200000, 0x00000000d5580000)
  object space 1017856K, 56% used [0x0000000080000000,0x00000000a2f7f678,0x00000000be200000)
 Metaspace       used 71993K, committed 73664K, reserved 1179648K
  class space    used 7210K, committed 8000K, reserved 1048576K
}
Event: 420.224 GC heap after
{Heap after GC invocations=2605 (full 4):
 PSYoungGen      total 5120K, used 2112K [0x00000000d5580000, 0x00000000d5d80000, 0x0000000100000000)
  eden space 2560K, 0% used [0x00000000d5580000,0x00000000d5580000,0x00000000d5800000)
  from space 2560K, 82% used [0x00000000d5800000,0x00000000d5a10000,0x00000000d5a80000)
  to   space 2560K, 0% used [0x00000000d5b00000,0x00000000d5b00000,0x00000000d5d80000)
 ParOldGen       total 1017856K, used 574525K [0x0000000080000000, 0x00000000be200000, 0x00000000d5580000)
  object space 1017856K, 56% used [0x0000000080000000,0x00000000a310f678,0x00000000be200000)
 Metaspace       used 71993K, committed 73664K, reserved 1179648K
  class space    used 7210K, committed 8000K, reserved 1048576K
}
Event: 420.243 GC heap before
{Heap before GC invocations=2606 (full 4):
 PSYoungGen      total 5120K, used 4672K [0x00000000d5580000, 0x00000000d5d80000, 0x0000000100000000)
  eden space 2560K, 100% used [0x00000000d5580000,0x00000000d5800000,0x00000000d5800000)
  from space 2560K, 82% used [0x00000000d5800000,0x00000000d5a10000,0x00000000d5a80000)
  to   space 2560K, 0% used [0x00000000d5b00000,0x00000000d5b00000,0x00000000d5d80000)
 ParOldGen       total 1017856K, used 574525K [0x0000000080000000, 0x00000000be200000, 0x00000000d5580000)
  object space 1017856K, 56% used [0x0000000080000000,0x00000000a310f678,0x00000000be200000)
 Metaspace       used 71993K, committed 73664K, reserved 1179648K
  class space    used 7210K, committed 8000K, reserved 1048576K
}
Event: 420.256 GC heap after
{Heap after GC invocations=2606 (full 4):
 PSYoungGen      total 5120K, used 1984K [0x00000000d5580000, 0x00000000d5d00000, 0x0000000100000000)
  eden space 3072K, 0% used [0x00000000d5580000,0x00000000d5580000,0x00000000d5880000)
  from space 2048K, 96% used [0x00000000d5b00000,0x00000000d5cf0000,0x00000000d5d00000)
  to   space 2048K, 0% used [0x00000000d5900000,0x00000000d5900000,0x00000000d5b00000)
 ParOldGen       total 1017856K, used 576541K [0x0000000080000000, 0x00000000be200000, 0x00000000d5580000)
  object space 1017856K, 56% used [0x0000000080000000,0x00000000a3307678,0x00000000be200000)
 Metaspace       used 71993K, committed 73664K, reserved 1179648K
  class space    used 7210K, committed 8000K, reserved 1048576K
}
Event: 420.273 GC heap before
{Heap before GC invocations=2607 (full 4):
 PSYoungGen      total 5120K, used 5056K [0x00000000d5580000, 0x00000000d5d00000, 0x0000000100000000)
  eden space 3072K, 100% used [0x00000000d5580000,0x00000000d5880000,0x00000000d5880000)
  from space 2048K, 96% used [0x00000000d5b00000,0x00000000d5cf0000,0x00000000d5d00000)
  to   space 2048K, 0% used [0x00000000d5900000,0x00000000d5900000,0x00000000d5b00000)
 ParOldGen       total 1017856K, used 576541K [0x0000000080000000, 0x00000000be200000, 0x00000000d5580000)
  object space 1017856K, 56% used [0x0000000080000000,0x00000000a3307678,0x00000000be200000)
 Metaspace       used 71993K, committed 73664K, reserved 1179648K
  class space    used 7210K, committed 8000K, reserved 1048576K
}
Event: 420.284 GC heap after
{Heap after GC invocations=2607 (full 4):
 PSYoungGen      total 5632K, used 2048K [0x00000000d5580000, 0x00000000d6380000, 0x0000000100000000)
  eden space 3584K, 0% used [0x00000000d5580000,0x00000000d5580000,0x00000000d5900000)
  from space 2048K, 100% used [0x00000000d5900000,0x00000000d5b00000,0x00000000d5b00000)
  to   space 5120K, 0% used [0x00000000d5e80000,0x00000000d5e80000,0x00000000d6380000)
 ParOldGen       total 1017856K, used 578869K [0x0000000080000000, 0x00000000be200000, 0x00000000d5580000)
  object space 1017856K, 56% used [0x0000000080000000,0x00000000a354d678,0x00000000be200000)
 Metaspace       used 71993K, committed 73664K, reserved 1179648K
  class space    used 7210K, committed 8000K, reserved 1048576K
}
Event: 420.300 GC heap before
{Heap before GC invocations=2608 (full 4):
 PSYoungGen      total 5632K, used 5632K [0x00000000d5580000, 0x00000000d6380000, 0x0000000100000000)
  eden space 3584K, 100% used [0x00000000d5580000,0x00000000d5900000,0x00000000d5900000)
  from space 2048K, 100% used [0x00000000d5900000,0x00000000d5b00000,0x00000000d5b00000)
  to   space 5120K, 0% used [0x00000000d5e80000,0x00000000d5e80000,0x00000000d6380000)
 ParOldGen       total 1017856K, used 578869K [0x0000000080000000, 0x00000000be200000, 0x00000000d5580000)
  object space 1017856K, 56% used [0x0000000080000000,0x00000000a354d678,0x00000000be200000)
 Metaspace       used 71993K, committed 73664K, reserved 1179648K
  class space    used 7210K, committed 8000K, reserved 1048576K
}
Event: 420.312 GC heap after
{Heap after GC invocations=2608 (full 4):
 PSYoungGen      total 7680K, used 2784K [0x00000000d5580000, 0x00000000d6180000, 0x0000000100000000)
  eden space 4608K, 0% used [0x00000000d5580000,0x00000000d5580000,0x00000000d5a00000)
  from space 3072K, 90% used [0x00000000d5e80000,0x00000000d6138000,0x00000000d6180000)
  to   space 3584K, 0% used [0x00000000d5a80000,0x00000000d5a80000,0x00000000d5e00000)
 ParOldGen       total 1017856K, used 580885K [0x0000000080000000, 0x00000000be200000, 0x00000000d5580000)
  object space 1017856K, 57% used [0x0000000080000000,0x00000000a3745678,0x00000000be200000)
 Metaspace       used 71993K, committed 73664K, reserved 1179648K
  class space    used 7210K, committed 8000K, reserved 1048576K
}
Event: 420.333 GC heap before
{Heap before GC invocations=2609 (full 4):
 PSYoungGen      total 7680K, used 7392K [0x00000000d5580000, 0x00000000d6180000, 0x0000000100000000)
  eden space 4608K, 100% used [0x00000000d5580000,0x00000000d5a00000,0x00000000d5a00000)
  from space 3072K, 90% used [0x00000000d5e80000,0x00000000d6138000,0x00000000d6180000)
  to   space 3584K, 0% used [0x00000000d5a80000,0x00000000d5a80000,0x00000000d5e00000)
 ParOldGen       total 1017856K, used 580885K [0x0000000080000000, 0x00000000be200000, 0x00000000d5580000)
  object space 1017856K, 57% used [0x0000000080000000,0x00000000a3745678,0x00000000be200000)
 Metaspace       used 71993K, committed 73664K, reserved 1179648K
  class space    used 7210K, committed 8000K, reserved 1048576K
}
Event: 420.347 GC heap after
{Heap after GC invocations=2609 (full 4):
 PSYoungGen      total 8704K, used 3584K [0x00000000d5580000, 0x00000000d6900000, 0x0000000100000000)
  eden space 5120K, 0% used [0x00000000d5580000,0x00000000d5580000,0x00000000d5a80000)
  from space 3584K, 100% used [0x00000000d5a80000,0x00000000d5e00000,0x00000000d5e00000)
  to   space 7168K, 0% used [0x00000000d6200000,0x00000000d6200000,0x00000000d6900000)
 ParOldGen       total 1017856K, used 583701K [0x0000000080000000, 0x00000000be200000, 0x00000000d5580000)
  object space 1017856K, 57% used [0x0000000080000000,0x00000000a3a05678,0x00000000be200000)
 Metaspace       used 71993K, committed 73664K, reserved 1179648K
  class space    used 7210K, committed 8000K, reserved 1048576K
}
Event: 420.371 GC heap before
{Heap before GC invocations=2610 (full 4):
 PSYoungGen      total 8704K, used 8704K [0x00000000d5580000, 0x00000000d6900000, 0x0000000100000000)
  eden space 5120K, 100% used [0x00000000d5580000,0x00000000d5a80000,0x00000000d5a80000)
  from space 3584K, 100% used [0x00000000d5a80000,0x00000000d5e00000,0x00000000d5e00000)
  to   space 7168K, 0% used [0x00000000d6200000,0x00000000d6200000,0x00000000d6900000)
 ParOldGen       total 1017856K, used 583701K [0x0000000080000000, 0x00000000be200000, 0x00000000d5580000)
  object space 1017856K, 57% used [0x0000000080000000,0x00000000a3a05678,0x00000000be200000)
 Metaspace       used 71993K, committed 73664K, reserved 1179648K
  class space    used 7210K, committed 8000K, reserved 1048576K
}
Event: 420.392 GC heap after
{Heap after GC invocations=2610 (full 4):
 PSYoungGen      total 10240K, used 4000K [0x00000000d5580000, 0x00000000d6600000, 0x0000000100000000)
  eden space 6144K, 0% used [0x00000000d5580000,0x00000000d5580000,0x00000000d5b80000)
  from space 4096K, 97% used [0x00000000d6200000,0x00000000d65e8000,0x00000000d6600000)
  to   space 5120K, 0% used [0x00000000d5c00000,0x00000000d5c00000,0x00000000d6100000)
 ParOldGen       total 1017856K, used 587245K [0x0000000080000000, 0x00000000be200000, 0x00000000d5580000)
  object space 1017856K, 57% used [0x0000000080000000,0x00000000a3d7b678,0x00000000be200000)
 Metaspace       used 71993K, committed 73664K, reserved 1179648K
  class space    used 7210K, committed 8000K, reserved 1048576K
}
Event: 422.240 GC heap before
{Heap before GC invocations=2611 (full 4):
 PSYoungGen      total 10240K, used 10144K [0x00000000d5580000, 0x00000000d6600000, 0x0000000100000000)
  eden space 6144K, 100% used [0x00000000d5580000,0x00000000d5b80000,0x00000000d5b80000)
  from space 4096K, 97% used [0x00000000d6200000,0x00000000d65e8000,0x00000000d6600000)
  to   space 5120K, 0% used [0x00000000d5c00000,0x00000000d5c00000,0x00000000d6100000)
 ParOldGen       total 1017856K, used 587245K [0x0000000080000000, 0x00000000be200000, 0x00000000d5580000)
  object space 1017856K, 57% used [0x0000000080000000,0x00000000a3d7b678,0x00000000be200000)
 Metaspace       used 72012K, committed 73664K, reserved 1179648K
  class space    used 7215K, committed 8000K, reserved 1048576K
}
Event: 422.261 GC heap after
{Heap after GC invocations=2611 (full 4):
 PSYoungGen      total 11776K, used 4180K [0x00000000d5580000, 0x00000000d6600000, 0x0000000100000000)
  eden space 6656K, 0% used [0x00000000d5580000,0x00000000d5580000,0x00000000d5c00000)
  from space 5120K, 81% used [0x00000000d5c00000,0x00000000d6015220,0x00000000d6100000)
  to   space 4608K, 0% used [0x00000000d6180000,0x00000000d6180000,0x00000000d6600000)
 ParOldGen       total 1017856K, used 591149K [0x0000000080000000, 0x00000000be200000, 0x00000000d5580000)
  object space 1017856K, 58% used [0x0000000080000000,0x00000000a414b678,0x00000000be200000)
 Metaspace       used 72012K, committed 73664K, reserved 1179648K
  class space    used 7215K, committed 8000K, reserved 1048576K
}
Event: 423.532 GC heap before
{Heap before GC invocations=2612 (full 4):
 PSYoungGen      total 11776K, used 10836K [0x00000000d5580000, 0x00000000d6600000, 0x0000000100000000)
  eden space 6656K, 100% used [0x00000000d5580000,0x00000000d5c00000,0x00000000d5c00000)
  from space 5120K, 81% used [0x00000000d5c00000,0x00000000d6015220,0x00000000d6100000)
  to   space 4608K, 0% used [0x00000000d6180000,0x00000000d6180000,0x00000000d6600000)
 ParOldGen       total 1017856K, used 591149K [0x0000000080000000, 0x00000000be200000, 0x00000000d5580000)
  object space 1017856K, 58% used [0x0000000080000000,0x00000000a414b678,0x00000000be200000)
 Metaspace       used 72171K, committed 73792K, reserved 1179648K
  class space    used 7226K, committed 8000K, reserved 1048576K
}
Event: 423.554 GC heap after
{Heap after GC invocations=2612 (full 4):
 PSYoungGen      total 9728K, used 1072K [0x00000000d5580000, 0x00000000d6300000, 0x0000000100000000)
  eden space 8192K, 0% used [0x00000000d5580000,0x00000000d5580000,0x00000000d5d80000)
  from space 1536K, 69% used [0x00000000d6180000,0x00000000d628c010,0x00000000d6300000)
  to   space 2560K, 0% used [0x00000000d5e00000,0x00000000d5e00000,0x00000000d6080000)
 ParOldGen       total 1017856K, used 595090K [0x0000000080000000, 0x00000000be200000, 0x00000000d5580000)
  object space 1017856K, 58% used [0x0000000080000000,0x00000000a4524898,0x00000000be200000)
 Metaspace       used 72171K, committed 73792K, reserved 1179648K
  class space    used 7226K, committed 8000K, reserved 1048576K
}
Event: 423.643 GC heap before
{Heap before GC invocations=2613 (full 4):
 PSYoungGen      total 9728K, used 9264K [0x00000000d5580000, 0x00000000d6300000, 0x0000000100000000)
  eden space 8192K, 100% used [0x00000000d5580000,0x00000000d5d80000,0x00000000d5d80000)
  from space 1536K, 69% used [0x00000000d6180000,0x00000000d628c010,0x00000000d6300000)
  to   space 2560K, 0% used [0x00000000d5e00000,0x00000000d5e00000,0x00000000d6080000)
 ParOldGen       total 1017856K, used 595090K [0x0000000080000000, 0x00000000be200000, 0x00000000d5580000)
  object space 1017856K, 58% used [0x0000000080000000,0x00000000a4524898,0x00000000be200000)
 Metaspace       used 72417K, committed 74048K, reserved 1179648K
  class space    used 7253K, committed 8000K, reserved 1048576K
}
Event: 423.651 GC heap after
{Heap after GC invocations=2613 (full 4):
 PSYoungGen      total 10752K, used 1162K [0x00000000d5580000, 0x00000000d6200000, 0x0000000100000000)
  eden space 8192K, 0% used [0x00000000d5580000,0x00000000d5580000,0x00000000d5d80000)
  from space 2560K, 45% used [0x00000000d5e00000,0x00000000d5f229f8,0x00000000d6080000)
  to   space 1536K, 0% used [0x00000000d6080000,0x00000000d6080000,0x00000000d6200000)
 ParOldGen       total 1017856K, used 596043K [0x0000000080000000, 0x00000000be200000, 0x00000000d5580000)
  object space 1017856K, 58% used [0x0000000080000000,0x00000000a4612f48,0x00000000be200000)
 Metaspace       used 72417K, committed 74048K, reserved 1179648K
  class space    used 7253K, committed 8000K, reserved 1048576K
}
Event: 423.798 GC heap before
{Heap before GC invocations=2614 (full 4):
 PSYoungGen      total 10752K, used 9354K [0x00000000d5580000, 0x00000000d6200000, 0x0000000100000000)
  eden space 8192K, 99% used [0x00000000d5580000,0x00000000d5d7ffd0,0x00000000d5d80000)
  from space 2560K, 45% used [0x00000000d5e00000,0x00000000d5f229f8,0x00000000d6080000)
  to   space 1536K, 0% used [0x00000000d6080000,0x00000000d6080000,0x00000000d6200000)
 ParOldGen       total 1017856K, used 596043K [0x0000000080000000, 0x00000000be200000, 0x00000000d5580000)
  object space 1017856K, 58% used [0x0000000080000000,0x00000000a4612f48,0x00000000be200000)
 Metaspace       used 73024K, committed 74688K, reserved 1179648K
  class space    used 7315K, committed 8128K, reserved 1048576K
}
Event: 423.803 GC heap after
{Heap after GC invocations=2614 (full 4):
 PSYoungGen      total 9216K, used 844K [0x00000000d5580000, 0x00000000d6180000, 0x0000000100000000)
  eden space 8192K, 0% used [0x00000000d5580000,0x00000000d5580000,0x00000000d5d80000)
  from space 1024K, 82% used [0x00000000d6080000,0x00000000d61530c0,0x00000000d6180000)
  to   space 1024K, 0% used [0x00000000d5f80000,0x00000000d5f80000,0x00000000d6080000)
 ParOldGen       total 1017856K, used 596323K [0x0000000080000000, 0x00000000be200000, 0x00000000d5580000)
  object space 1017856K, 58% used [0x0000000080000000,0x00000000a4658c00,0x00000000be200000)
 Metaspace       used 73024K, committed 74688K, reserved 1179648K
  class space    used 7315K, committed 8128K, reserved 1048576K
}

