# JRE version: OpenJDK Runtime Environment Temurin-21.0.7+6 (21.0.7+6) (build 21.0.7+6-LTS)
# Java VM: OpenJDK 64-Bit Server VM Temurin-21.0.7+6 (21.0.7+6-LTS, mixed mode, sharing, tiered, compressed oops, compressed class ptrs, parallel gc, windows-amd64)
GC Precious Log:
 CardTable entry size: 512
 CPUs: 8 total, 8 available
 Memory: 8013M
 Large Page Support: Disabled
 NUMA Support: Disabled
 Compressed Oops: Enabled (32-bit)
 Alignments: Space 512K, Generation 512K, Heap 2M
 Heap Min Capacity: 100M
 Heap Initial Capacity: 100M
 Heap Max Capacity: 2G
 Pre-touch: Disabled
 Parallel Workers: 8
Heap:
 PSYoungGen      total 7168K, used 5649K [0x00000000d5580000, 0x00000000d5f00000, 0x0000000100000000)
  eden space 6144K, 78% used [0x00000000d5580000,0x00000000d5a3c6f8,0x00000000d5b80000)
  from space 1024K, 78% used [0x00000000d5b80000,0x00000000d5c48000,0x00000000d5c80000)
  to   space 1024K, 0% used [0x00000000d5e00000,0x00000000d5e00000,0x00000000d5f00000)
 ParOldGen       total 457728K, used 457487K [0x0000000080000000, 0x000000009bf00000, 0x00000000d5580000)
  object space 457728K, 99% used [0x0000000080000000,0x000000009bec3f18,0x000000009bf00000)
 Metaspace       used 69349K, committed 70848K, reserved 1114112K
  class space    used 6983K, committed 7616K, reserved 1048576K
GC Heap History (20 events):
Event: 49.412 GC heap after
{Heap after GC invocations=691 (full 4):
 PSYoungGen      total 4608K, used 576K [0x00000000d5580000, 0x00000000d5b00000, 0x0000000100000000)
  eden space 3584K, 0% used [0x00000000d5580000,0x00000000d5580000,0x00000000d5900000)
  from space 1024K, 56% used [0x00000000d5a00000,0x00000000d5a90020,0x00000000d5b00000)
  to   space 1024K, 0% used [0x00000000d5900000,0x00000000d5900000,0x00000000d5a00000)
 ParOldGen       total 451072K, used 450821K [0x0000000080000000, 0x000000009b880000, 0x00000000d5580000)
  object space 451072K, 99% used [0x0000000080000000,0x000000009b841520,0x000000009b880000)
 Metaspace       used 68639K, committed 70080K, reserved 1114112K
  class space    used 6912K, committed 7552K, reserved 1048576K
}
Event: 49.430 GC heap before
{Heap before GC invocations=692 (full 4):
 PSYoungGen      total 4608K, used 4159K [0x00000000d5580000, 0x00000000d5b00000, 0x0000000100000000)
  eden space 3584K, 99% used [0x00000000d5580000,0x00000000d58ffc70,0x00000000d5900000)
  from space 1024K, 56% used [0x00000000d5a00000,0x00000000d5a90020,0x00000000d5b00000)
  to   space 1024K, 0% used [0x00000000d5900000,0x00000000d5900000,0x00000000d5a00000)
 ParOldGen       total 451072K, used 450821K [0x0000000080000000, 0x000000009b880000, 0x00000000d5580000)
  object space 451072K, 99% used [0x0000000080000000,0x000000009b841520,0x000000009b880000)
 Metaspace       used 68643K, committed 70080K, reserved 1114112K
  class space    used 6913K, committed 7552K, reserved 1048576K
}
Event: 49.432 GC heap after
{Heap after GC invocations=692 (full 4):
 PSYoungGen      total 4608K, used 1009K [0x00000000d5580000, 0x00000000d5d00000, 0x0000000100000000)
  eden space 3584K, 0% used [0x00000000d5580000,0x00000000d5580000,0x00000000d5900000)
  from space 1024K, 98% used [0x00000000d5900000,0x00000000d59fc788,0x00000000d5a00000)
  to   space 2048K, 0% used [0x00000000d5b00000,0x00000000d5b00000,0x00000000d5d00000)
 ParOldGen       total 451584K, used 451304K [0x0000000080000000, 0x000000009b900000, 0x00000000d5580000)
  object space 451584K, 99% used [0x0000000080000000,0x000000009b8ba290,0x000000009b900000)
 Metaspace       used 68643K, committed 70080K, reserved 1114112K
  class space    used 6913K, committed 7552K, reserved 1048576K
}
Event: 49.516 GC heap before
{Heap before GC invocations=693 (full 4):
 PSYoungGen      total 4608K, used 4593K [0x00000000d5580000, 0x00000000d5d00000, 0x0000000100000000)
  eden space 3584K, 100% used [0x00000000d5580000,0x00000000d5900000,0x00000000d5900000)
  from space 1024K, 98% used [0x00000000d5900000,0x00000000d59fc788,0x00000000d5a00000)
  to   space 2048K, 0% used [0x00000000d5b00000,0x00000000d5b00000,0x00000000d5d00000)
 ParOldGen       total 451584K, used 451304K [0x0000000080000000, 0x000000009b900000, 0x00000000d5580000)
  object space 451584K, 99% used [0x0000000080000000,0x000000009b8ba290,0x000000009b900000)
 Metaspace       used 68764K, committed 70208K, reserved 1114112K
  class space    used 6929K, committed 7552K, reserved 1048576K
}
Event: 49.519 GC heap after
{Heap after GC invocations=693 (full 4):
 PSYoungGen      total 4096K, used 320K [0x00000000d5580000, 0x00000000d5b80000, 0x0000000100000000)
  eden space 3584K, 0% used [0x00000000d5580000,0x00000000d5580000,0x00000000d5900000)
  from space 512K, 62% used [0x00000000d5b00000,0x00000000d5b50000,0x00000000d5b80000)
  to   space 1024K, 0% used [0x00000000d5980000,0x00000000d5980000,0x00000000d5a80000)
 ParOldGen       total 452096K, used 451734K [0x0000000080000000, 0x000000009b980000, 0x00000000d5580000)
  object space 452096K, 99% used [0x0000000080000000,0x000000009b925a08,0x000000009b980000)
 Metaspace       used 68764K, committed 70208K, reserved 1114112K
  class space    used 6929K, committed 7552K, reserved 1048576K
}
Event: 49.541 GC heap before
{Heap before GC invocations=694 (full 4):
 PSYoungGen      total 4096K, used 3904K [0x00000000d5580000, 0x00000000d5b80000, 0x0000000100000000)
  eden space 3584K, 100% used [0x00000000d5580000,0x00000000d5900000,0x00000000d5900000)
  from space 512K, 62% used [0x00000000d5b00000,0x00000000d5b50000,0x00000000d5b80000)
  to   space 1024K, 0% used [0x00000000d5980000,0x00000000d5980000,0x00000000d5a80000)
 ParOldGen       total 452096K, used 451734K [0x0000000080000000, 0x000000009b980000, 0x00000000d5580000)
  object space 452096K, 99% used [0x0000000080000000,0x000000009b925a08,0x000000009b980000)
 Metaspace       used 68819K, committed 70272K, reserved 1114112K
  class space    used 6936K, committed 7552K, reserved 1048576K
}
Event: 49.544 GC heap after
{Heap after GC invocations=694 (full 4):
 PSYoungGen      total 4608K, used 640K [0x00000000d5580000, 0x00000000d5b80000, 0x0000000100000000)
  eden space 3584K, 0% used [0x00000000d5580000,0x00000000d5580000,0x00000000d5900000)
  from space 1024K, 62% used [0x00000000d5980000,0x00000000d5a20000,0x00000000d5a80000)
  to   space 1024K, 0% used [0x00000000d5a80000,0x00000000d5a80000,0x00000000d5b80000)
 ParOldGen       total 452096K, used 451936K [0x0000000080000000, 0x000000009b980000, 0x00000000d5580000)
  object space 452096K, 99% used [0x0000000080000000,0x000000009b958328,0x000000009b980000)
 Metaspace       used 68819K, committed 70272K, reserved 1114112K
  class space    used 6936K, committed 7552K, reserved 1048576K
}
Event: 49.564 GC heap before
{Heap before GC invocations=695 (full 4):
 PSYoungGen      total 4608K, used 4224K [0x00000000d5580000, 0x00000000d5b80000, 0x0000000100000000)
  eden space 3584K, 100% used [0x00000000d5580000,0x00000000d5900000,0x00000000d5900000)
  from space 1024K, 62% used [0x00000000d5980000,0x00000000d5a20000,0x00000000d5a80000)
  to   space 1024K, 0% used [0x00000000d5a80000,0x00000000d5a80000,0x00000000d5b80000)
 ParOldGen       total 452096K, used 451936K [0x0000000080000000, 0x000000009b980000, 0x00000000d5580000)
  object space 452096K, 99% used [0x0000000080000000,0x000000009b958328,0x000000009b980000)
 Metaspace       used 68867K, committed 70336K, reserved 1114112K
  class space    used 6946K, committed 7616K, reserved 1048576K
}
Event: 49.568 GC heap after
{Heap after GC invocations=695 (full 4):
 PSYoungGen      total 4608K, used 608K [0x00000000d5580000, 0x00000000d5b80000, 0x0000000100000000)
  eden space 3584K, 0% used [0x00000000d5580000,0x00000000d5580000,0x00000000d5900000)
  from space 1024K, 59% used [0x00000000d5a80000,0x00000000d5b18000,0x00000000d5b80000)
  to   space 1024K, 0% used [0x00000000d5980000,0x00000000d5980000,0x00000000d5a80000)
 ParOldGen       total 452608K, used 452413K [0x0000000080000000, 0x000000009ba00000, 0x00000000d5580000)
  object space 452608K, 99% used [0x0000000080000000,0x000000009b9cf4a8,0x000000009ba00000)
 Metaspace       used 68867K, committed 70336K, reserved 1114112K
  class space    used 6946K, committed 7616K, reserved 1048576K
}
Event: 49.642 GC heap before
{Heap before GC invocations=696 (full 4):
 PSYoungGen      total 4608K, used 4144K [0x00000000d5580000, 0x00000000d5b80000, 0x0000000100000000)
  eden space 3584K, 98% used [0x00000000d5580000,0x00000000d58f43b8,0x00000000d5900000)
  from space 1024K, 59% used [0x00000000d5a80000,0x00000000d5b18000,0x00000000d5b80000)
  to   space 1024K, 0% used [0x00000000d5980000,0x00000000d5980000,0x00000000d5a80000)
 ParOldGen       total 452608K, used 452413K [0x0000000080000000, 0x000000009ba00000, 0x00000000d5580000)
  object space 452608K, 99% used [0x0000000080000000,0x000000009b9cf4a8,0x000000009ba00000)
 Metaspace       used 69209K, committed 70656K, reserved 1114112K
  class space    used 6966K, committed 7616K, reserved 1048576K
}
Event: 49.645 GC heap after
{Heap after GC invocations=696 (full 4):
 PSYoungGen      total 4608K, used 397K [0x00000000d5580000, 0x00000000d5b00000, 0x0000000100000000)
  eden space 3584K, 0% used [0x00000000d5580000,0x00000000d5580000,0x00000000d5900000)
  from space 1024K, 38% used [0x00000000d5980000,0x00000000d59e34a0,0x00000000d5a80000)
  to   space 512K, 0% used [0x00000000d5a80000,0x00000000d5a80000,0x00000000d5b00000)
 ParOldGen       total 453120K, used 452896K [0x0000000080000000, 0x000000009ba80000, 0x00000000d5580000)
  object space 453120K, 99% used [0x0000000080000000,0x000000009ba480b0,0x000000009ba80000)
 Metaspace       used 69209K, committed 70656K, reserved 1114112K
  class space    used 6966K, committed 7616K, reserved 1048576K
}
Event: 49.678 GC heap before
{Heap before GC invocations=697 (full 4):
 PSYoungGen      total 4608K, used 3981K [0x00000000d5580000, 0x00000000d5b00000, 0x0000000100000000)
  eden space 3584K, 100% used [0x00000000d5580000,0x00000000d5900000,0x00000000d5900000)
  from space 1024K, 38% used [0x00000000d5980000,0x00000000d59e34a0,0x00000000d5a80000)
  to   space 512K, 0% used [0x00000000d5a80000,0x00000000d5a80000,0x00000000d5b00000)
 ParOldGen       total 453120K, used 452896K [0x0000000080000000, 0x000000009ba80000, 0x00000000d5580000)
  object space 453120K, 99% used [0x0000000080000000,0x000000009ba480b0,0x000000009ba80000)
 Metaspace       used 69277K, committed 70720K, reserved 1114112K
  class space    used 6975K, committed 7616K, reserved 1048576K
}
Event: 49.681 GC heap after
{Heap after GC invocations=697 (full 4):
 PSYoungGen      total 4096K, used 507K [0x00000000d5580000, 0x00000000d5b00000, 0x0000000100000000)
  eden space 3584K, 0% used [0x00000000d5580000,0x00000000d5580000,0x00000000d5900000)
  from space 512K, 99% used [0x00000000d5a80000,0x00000000d5afee70,0x00000000d5b00000)
  to   space 1024K, 0% used [0x00000000d5900000,0x00000000d5900000,0x00000000d5a00000)
 ParOldGen       total 453632K, used 453180K [0x0000000080000000, 0x000000009bb00000, 0x00000000d5580000)
  object space 453632K, 99% used [0x0000000080000000,0x000000009ba8f3b8,0x000000009bb00000)
 Metaspace       used 69277K, committed 70720K, reserved 1114112K
  class space    used 6975K, committed 7616K, reserved 1048576K
}
Event: 49.731 GC heap before
{Heap before GC invocations=698 (full 4):
 PSYoungGen      total 4096K, used 4091K [0x00000000d5580000, 0x00000000d5b00000, 0x0000000100000000)
  eden space 3584K, 100% used [0x00000000d5580000,0x00000000d5900000,0x00000000d5900000)
  from space 512K, 99% used [0x00000000d5a80000,0x00000000d5afee70,0x00000000d5b00000)
  to   space 1024K, 0% used [0x00000000d5900000,0x00000000d5900000,0x00000000d5a00000)
 ParOldGen       total 453632K, used 453180K [0x0000000080000000, 0x000000009bb00000, 0x00000000d5580000)
  object space 453632K, 99% used [0x0000000080000000,0x000000009ba8f3b8,0x000000009bb00000)
 Metaspace       used 69297K, committed 70720K, reserved 1114112K
  class space    used 6976K, committed 7616K, reserved 1048576K
}
Event: 49.735 GC heap after
{Heap after GC invocations=698 (full 4):
 PSYoungGen      total 4608K, used 544K [0x00000000d5580000, 0x00000000d5b00000, 0x0000000100000000)
  eden space 3584K, 0% used [0x00000000d5580000,0x00000000d5580000,0x00000000d5900000)
  from space 1024K, 53% used [0x00000000d5900000,0x00000000d59883a8,0x00000000d5a00000)
  to   space 1024K, 0% used [0x00000000d5a00000,0x00000000d5a00000,0x00000000d5b00000)
 ParOldGen       total 453632K, used 453595K [0x0000000080000000, 0x000000009bb00000, 0x00000000d5580000)
  object space 453632K, 99% used [0x0000000080000000,0x000000009baf6ff8,0x000000009bb00000)
 Metaspace       used 69297K, committed 70720K, reserved 1114112K
  class space    used 6976K, committed 7616K, reserved 1048576K
}
Event: 49.774 GC heap before
{Heap before GC invocations=699 (full 4):
 PSYoungGen      total 4608K, used 4128K [0x00000000d5580000, 0x00000000d5b00000, 0x0000000100000000)
  eden space 3584K, 100% used [0x00000000d5580000,0x00000000d5900000,0x00000000d5900000)
  from space 1024K, 53% used [0x00000000d5900000,0x00000000d59883a8,0x00000000d5a00000)
  to   space 1024K, 0% used [0x00000000d5a00000,0x00000000d5a00000,0x00000000d5b00000)
 ParOldGen       total 453632K, used 453595K [0x0000000080000000, 0x000000009bb00000, 0x00000000d5580000)
  object space 453632K, 99% used [0x0000000080000000,0x000000009baf6ff8,0x000000009bb00000)
 Metaspace       used 69301K, committed 70720K, reserved 1114112K
  class space    used 6976K, committed 7616K, reserved 1048576K
}
Event: 49.777 GC heap after
{Heap after GC invocations=699 (full 4):
 PSYoungGen      total 4608K, used 610K [0x00000000d5580000, 0x00000000d5b00000, 0x0000000100000000)
  eden space 3584K, 0% used [0x00000000d5580000,0x00000000d5580000,0x00000000d5900000)
  from space 1024K, 59% used [0x00000000d5a00000,0x00000000d5a98ad0,0x00000000d5b00000)
  to   space 1024K, 0% used [0x00000000d5900000,0x00000000d5900000,0x00000000d5a00000)
 ParOldGen       total 454144K, used 453999K [0x0000000080000000, 0x000000009bb80000, 0x00000000d5580000)
  object space 454144K, 99% used [0x0000000080000000,0x000000009bb5bc00,0x000000009bb80000)
 Metaspace       used 69301K, committed 70720K, reserved 1114112K
  class space    used 6976K, committed 7616K, reserved 1048576K
}
Event: 49.799 GC heap before
{Heap before GC invocations=700 (full 4):
 PSYoungGen      total 4608K, used 4194K [0x00000000d5580000, 0x00000000d5b00000, 0x0000000100000000)
  eden space 3584K, 100% used [0x00000000d5580000,0x00000000d5900000,0x00000000d5900000)
  from space 1024K, 59% used [0x00000000d5a00000,0x00000000d5a98ad0,0x00000000d5b00000)
  to   space 1024K, 0% used [0x00000000d5900000,0x00000000d5900000,0x00000000d5a00000)
 ParOldGen       total 454144K, used 453999K [0x0000000080000000, 0x000000009bb80000, 0x00000000d5580000)
  object space 454144K, 99% used [0x0000000080000000,0x000000009bb5bc00,0x000000009bb80000)
 Metaspace       used 69342K, committed 70784K, reserved 1114112K
  class space    used 6983K, committed 7616K, reserved 1048576K
}
Event: 49.804 GC heap after
{Heap after GC invocations=700 (full 4):
 PSYoungGen      total 4608K, used 502K [0x00000000d5580000, 0x00000000d5b00000, 0x0000000100000000)
  eden space 3584K, 0% used [0x00000000d5580000,0x00000000d5580000,0x00000000d5900000)
  from space 1024K, 49% used [0x00000000d5900000,0x00000000d597d808,0x00000000d5a00000)
  to   space 1024K, 0% used [0x00000000d5a00000,0x00000000d5a00000,0x00000000d5b00000)
 ParOldGen       total 454656K, used 454463K [0x0000000080000000, 0x000000009bc00000, 0x00000000d5580000)
  object space 454656K, 99% used [0x0000000080000000,0x000000009bbcfc00,0x000000009bc00000)
 Metaspace       used 69342K, committed 70784K, reserved 1114112K
  class space    used 6983K, committed 7616K, reserved 1048576K
}
Event: 49.825 GC heap before
{Heap before GC invocations=701 (full 4):
 PSYoungGen      total 4608K, used 4086K [0x00000000d5580000, 0x00000000d5b00000, 0x0000000100000000)
  eden space 3584K, 100% used [0x00000000d5580000,0x00000000d5900000,0x00000000d5900000)
  from space 1024K, 49% used [0x00000000d5900000,0x00000000d597d808,0x00000000d5a00000)
  to   space 1024K, 0% used [0x00000000d5a00000,0x00000000d5a00000,0x00000000d5b00000)
 ParOldGen       total 454656K, used 454463K [0x0000000080000000, 0x000000009bc00000, 0x00000000d5580000)
  object space 454656K, 99% used [0x0000000080000000,0x000000009bbcfc00,0x000000009bc00000)
 Metaspace       used 69343K, committed 70784K, reserved 1114112K
  class space    used 6983K, committed 7616K, reserved 1048576K
}

