# JRE version: OpenJDK Runtime Environment Temurin-21.0.8+9 (21.0.8+9) (build 21.0.8+9-LTS)
# Java VM: OpenJDK 64-Bit Server VM Temurin-21.0.8+9 (21.0.8+9-LTS, mixed mode, sharing, tiered, compressed oops, compressed class ptrs, parallel gc, windows-amd64)
GC Precious Log:
 CardTable entry size: 512
 CPUs: 8 total, 8 available
 Memory: 8013M
 Large Page Support: Disabled
 NUMA Support: Disabled
 Compressed Oops: Enabled (32-bit)
 Alignments: Space 512K, Generation 512K, Heap 2M
 Heap Min Capacity: 100M
 Heap Initial Capacity: 100M
 Heap Max Capacity: 2G
 Pre-touch: Disabled
 Parallel Workers: 8
Heap:
 PSYoungGen      total 3584K, used 1757K [0x00000000d5580000, 0x00000000d5a80000, 0x0000000100000000)
  eden space 3072K, 44% used [0x00000000d5580000,0x00000000d56d3de8,0x00000000d5880000)
  from space 512K, 77% used [0x00000000d5980000,0x00000000d59e3980,0x00000000d5a00000)
  to   space 512K, 0% used [0x00000000d5a00000,0x00000000d5a00000,0x00000000d5a80000)
 ParOldGen       total 686080K, used 685991K [0x0000000080000000, 0x00000000a9e00000, 0x00000000d5580000)
  object space 686080K, 99% used [0x0000000080000000,0x00000000a9de9c50,0x00000000a9e00000)
 Metaspace       used 75507K, committed 77056K, reserved 1179648K
  class space    used 7736K, committed 8448K, reserved 1048576K
GC Heap History (20 events):
Event: 126.424 GC heap after
{Heap after GC invocations=1561 (full 3):
 PSYoungGen      total 3584K, used 224K [0x00000000d5580000, 0x00000000d5a80000, 0x0000000100000000)
  eden space 3072K, 0% used [0x00000000d5580000,0x00000000d5580000,0x00000000d5880000)
  from space 512K, 43% used [0x00000000d5a00000,0x00000000d5a38000,0x00000000d5a80000)
  to   space 512K, 0% used [0x00000000d5980000,0x00000000d5980000,0x00000000d5a00000)
 ParOldGen       total 684032K, used 683548K [0x0000000080000000, 0x00000000a9c00000, 0x00000000d5580000)
  object space 684032K, 99% used [0x0000000080000000,0x00000000a9b870f0,0x00000000a9c00000)
 Metaspace       used 75505K, committed 77056K, reserved 1179648K
  class space    used 7736K, committed 8448K, reserved 1048576K
}
Event: 126.448 GC heap before
{Heap before GC invocations=1562 (full 3):
 PSYoungGen      total 3584K, used 3296K [0x00000000d5580000, 0x00000000d5a80000, 0x0000000100000000)
  eden space 3072K, 100% used [0x00000000d5580000,0x00000000d5880000,0x00000000d5880000)
  from space 512K, 43% used [0x00000000d5a00000,0x00000000d5a38000,0x00000000d5a80000)
  to   space 512K, 0% used [0x00000000d5980000,0x00000000d5980000,0x00000000d5a00000)
 ParOldGen       total 684032K, used 683548K [0x0000000080000000, 0x00000000a9c00000, 0x00000000d5580000)
  object space 684032K, 99% used [0x0000000080000000,0x00000000a9b870f0,0x00000000a9c00000)
 Metaspace       used 75505K, committed 77056K, reserved 1179648K
  class space    used 7736K, committed 8448K, reserved 1048576K
}
Event: 126.452 GC heap after
{Heap after GC invocations=1562 (full 3):
 PSYoungGen      total 3584K, used 192K [0x00000000d5580000, 0x00000000d5a80000, 0x0000000100000000)
  eden space 3072K, 0% used [0x00000000d5580000,0x00000000d5580000,0x00000000d5880000)
  from space 512K, 37% used [0x00000000d5980000,0x00000000d59b0000,0x00000000d5a00000)
  to   space 512K, 0% used [0x00000000d5a00000,0x00000000d5a00000,0x00000000d5a80000)
 ParOldGen       total 684032K, used 683628K [0x0000000080000000, 0x00000000a9c00000, 0x00000000d5580000)
  object space 684032K, 99% used [0x0000000080000000,0x00000000a9b9b0f0,0x00000000a9c00000)
 Metaspace       used 75505K, committed 77056K, reserved 1179648K
  class space    used 7736K, committed 8448K, reserved 1048576K
}
Event: 126.470 GC heap before
{Heap before GC invocations=1563 (full 3):
 PSYoungGen      total 3584K, used 3264K [0x00000000d5580000, 0x00000000d5a80000, 0x0000000100000000)
  eden space 3072K, 100% used [0x00000000d5580000,0x00000000d5880000,0x00000000d5880000)
  from space 512K, 37% used [0x00000000d5980000,0x00000000d59b0000,0x00000000d5a00000)
  to   space 512K, 0% used [0x00000000d5a00000,0x00000000d5a00000,0x00000000d5a80000)
 ParOldGen       total 684032K, used 683628K [0x0000000080000000, 0x00000000a9c00000, 0x00000000d5580000)
  object space 684032K, 99% used [0x0000000080000000,0x00000000a9b9b0f0,0x00000000a9c00000)
 Metaspace       used 75505K, committed 77056K, reserved 1179648K
  class space    used 7736K, committed 8448K, reserved 1048576K
}
Event: 126.476 GC heap after
{Heap after GC invocations=1563 (full 3):
 PSYoungGen      total 3584K, used 192K [0x00000000d5580000, 0x00000000d5a80000, 0x0000000100000000)
  eden space 3072K, 0% used [0x00000000d5580000,0x00000000d5580000,0x00000000d5880000)
  from space 512K, 37% used [0x00000000d5a00000,0x00000000d5a30000,0x00000000d5a80000)
  to   space 512K, 0% used [0x00000000d5980000,0x00000000d5980000,0x00000000d5a00000)
 ParOldGen       total 684032K, used 683700K [0x0000000080000000, 0x00000000a9c00000, 0x00000000d5580000)
  object space 684032K, 99% used [0x0000000080000000,0x00000000a9bad0f0,0x00000000a9c00000)
 Metaspace       used 75505K, committed 77056K, reserved 1179648K
  class space    used 7736K, committed 8448K, reserved 1048576K
}
Event: 126.497 GC heap before
{Heap before GC invocations=1564 (full 3):
 PSYoungGen      total 3584K, used 3264K [0x00000000d5580000, 0x00000000d5a80000, 0x0000000100000000)
  eden space 3072K, 100% used [0x00000000d5580000,0x00000000d5880000,0x00000000d5880000)
  from space 512K, 37% used [0x00000000d5a00000,0x00000000d5a30000,0x00000000d5a80000)
  to   space 512K, 0% used [0x00000000d5980000,0x00000000d5980000,0x00000000d5a00000)
 ParOldGen       total 684032K, used 683700K [0x0000000080000000, 0x00000000a9c00000, 0x00000000d5580000)
  object space 684032K, 99% used [0x0000000080000000,0x00000000a9bad0f0,0x00000000a9c00000)
 Metaspace       used 75505K, committed 77056K, reserved 1179648K
  class space    used 7736K, committed 8448K, reserved 1048576K
}
Event: 126.501 GC heap after
{Heap after GC invocations=1564 (full 3):
 PSYoungGen      total 3584K, used 256K [0x00000000d5580000, 0x00000000d5a80000, 0x0000000100000000)
  eden space 3072K, 0% used [0x00000000d5580000,0x00000000d5580000,0x00000000d5880000)
  from space 512K, 50% used [0x00000000d5980000,0x00000000d59c0000,0x00000000d5a00000)
  to   space 512K, 0% used [0x00000000d5a00000,0x00000000d5a00000,0x00000000d5a80000)
 ParOldGen       total 684032K, used 683804K [0x0000000080000000, 0x00000000a9c00000, 0x00000000d5580000)
  object space 684032K, 99% used [0x0000000080000000,0x00000000a9bc70f0,0x00000000a9c00000)
 Metaspace       used 75505K, committed 77056K, reserved 1179648K
  class space    used 7736K, committed 8448K, reserved 1048576K
}
Event: 126.517 GC heap before
{Heap before GC invocations=1565 (full 3):
 PSYoungGen      total 3584K, used 3328K [0x00000000d5580000, 0x00000000d5a80000, 0x0000000100000000)
  eden space 3072K, 100% used [0x00000000d5580000,0x00000000d5880000,0x00000000d5880000)
  from space 512K, 50% used [0x00000000d5980000,0x00000000d59c0000,0x00000000d5a00000)
  to   space 512K, 0% used [0x00000000d5a00000,0x00000000d5a00000,0x00000000d5a80000)
 ParOldGen       total 684032K, used 683804K [0x0000000080000000, 0x00000000a9c00000, 0x00000000d5580000)
  object space 684032K, 99% used [0x0000000080000000,0x00000000a9bc70f0,0x00000000a9c00000)
 Metaspace       used 75505K, committed 77056K, reserved 1179648K
  class space    used 7736K, committed 8448K, reserved 1048576K
}
Event: 126.523 GC heap after
{Heap after GC invocations=1565 (full 3):
 PSYoungGen      total 3584K, used 256K [0x00000000d5580000, 0x00000000d5a80000, 0x0000000100000000)
  eden space 3072K, 0% used [0x00000000d5580000,0x00000000d5580000,0x00000000d5880000)
  from space 512K, 50% used [0x00000000d5a00000,0x00000000d5a40000,0x00000000d5a80000)
  to   space 512K, 0% used [0x00000000d5980000,0x00000000d5980000,0x00000000d5a00000)
 ParOldGen       total 684032K, used 683900K [0x0000000080000000, 0x00000000a9c00000, 0x00000000d5580000)
  object space 684032K, 99% used [0x0000000080000000,0x00000000a9bdf0f0,0x00000000a9c00000)
 Metaspace       used 75505K, committed 77056K, reserved 1179648K
  class space    used 7736K, committed 8448K, reserved 1048576K
}
Event: 126.572 GC heap before
{Heap before GC invocations=1566 (full 3):
 PSYoungGen      total 3584K, used 3328K [0x00000000d5580000, 0x00000000d5a80000, 0x0000000100000000)
  eden space 3072K, 100% used [0x00000000d5580000,0x00000000d5880000,0x00000000d5880000)
  from space 512K, 50% used [0x00000000d5a00000,0x00000000d5a40000,0x00000000d5a80000)
  to   space 512K, 0% used [0x00000000d5980000,0x00000000d5980000,0x00000000d5a00000)
 ParOldGen       total 684032K, used 683900K [0x0000000080000000, 0x00000000a9c00000, 0x00000000d5580000)
  object space 684032K, 99% used [0x0000000080000000,0x00000000a9bdf0f0,0x00000000a9c00000)
 Metaspace       used 75505K, committed 77056K, reserved 1179648K
  class space    used 7736K, committed 8448K, reserved 1048576K
}
Event: 126.583 GC heap after
{Heap after GC invocations=1566 (full 3):
 PSYoungGen      total 3584K, used 256K [0x00000000d5580000, 0x00000000d5a80000, 0x0000000100000000)
  eden space 3072K, 0% used [0x00000000d5580000,0x00000000d5580000,0x00000000d5880000)
  from space 512K, 50% used [0x00000000d5980000,0x00000000d59c0000,0x00000000d5a00000)
  to   space 512K, 0% used [0x00000000d5a00000,0x00000000d5a00000,0x00000000d5a80000)
 ParOldGen       total 684032K, used 684004K [0x0000000080000000, 0x00000000a9c00000, 0x00000000d5580000)
  object space 684032K, 99% used [0x0000000080000000,0x00000000a9bf90f0,0x00000000a9c00000)
 Metaspace       used 75505K, committed 77056K, reserved 1179648K
  class space    used 7736K, committed 8448K, reserved 1048576K
}
Event: 126.616 GC heap before
{Heap before GC invocations=1567 (full 3):
 PSYoungGen      total 3584K, used 3328K [0x00000000d5580000, 0x00000000d5a80000, 0x0000000100000000)
  eden space 3072K, 100% used [0x00000000d5580000,0x00000000d5880000,0x00000000d5880000)
  from space 512K, 50% used [0x00000000d5980000,0x00000000d59c0000,0x00000000d5a00000)
  to   space 512K, 0% used [0x00000000d5a00000,0x00000000d5a00000,0x00000000d5a80000)
 ParOldGen       total 684032K, used 684004K [0x0000000080000000, 0x00000000a9c00000, 0x00000000d5580000)
  object space 684032K, 99% used [0x0000000080000000,0x00000000a9bf90f0,0x00000000a9c00000)
 Metaspace       used 75505K, committed 77056K, reserved 1179648K
  class space    used 7736K, committed 8448K, reserved 1048576K
}
Event: 126.620 GC heap after
{Heap after GC invocations=1567 (full 3):
 PSYoungGen      total 3584K, used 256K [0x00000000d5580000, 0x00000000d5a80000, 0x0000000100000000)
  eden space 3072K, 0% used [0x00000000d5580000,0x00000000d5580000,0x00000000d5880000)
  from space 512K, 50% used [0x00000000d5a00000,0x00000000d5a40000,0x00000000d5a80000)
  to   space 512K, 0% used [0x00000000d5980000,0x00000000d5980000,0x00000000d5a00000)
 ParOldGen       total 684544K, used 684100K [0x0000000080000000, 0x00000000a9c80000, 0x00000000d5580000)
  object space 684544K, 99% used [0x0000000080000000,0x00000000a9c110f0,0x00000000a9c80000)
 Metaspace       used 75505K, committed 77056K, reserved 1179648K
  class space    used 7736K, committed 8448K, reserved 1048576K
}
Event: 126.656 GC heap before
{Heap before GC invocations=1568 (full 3):
 PSYoungGen      total 3584K, used 3328K [0x00000000d5580000, 0x00000000d5a80000, 0x0000000100000000)
  eden space 3072K, 100% used [0x00000000d5580000,0x00000000d5880000,0x00000000d5880000)
  from space 512K, 50% used [0x00000000d5a00000,0x00000000d5a40000,0x00000000d5a80000)
  to   space 512K, 0% used [0x00000000d5980000,0x00000000d5980000,0x00000000d5a00000)
 ParOldGen       total 684544K, used 684100K [0x0000000080000000, 0x00000000a9c80000, 0x00000000d5580000)
  object space 684544K, 99% used [0x0000000080000000,0x00000000a9c110f0,0x00000000a9c80000)
 Metaspace       used 75505K, committed 77056K, reserved 1179648K
  class space    used 7736K, committed 8448K, reserved 1048576K
}
Event: 126.661 GC heap after
{Heap after GC invocations=1568 (full 3):
 PSYoungGen      total 3584K, used 499K [0x00000000d5580000, 0x00000000d5a80000, 0x0000000100000000)
  eden space 3072K, 0% used [0x00000000d5580000,0x00000000d5580000,0x00000000d5880000)
  from space 512K, 97% used [0x00000000d5980000,0x00000000d59fccd0,0x00000000d5a00000)
  to   space 512K, 0% used [0x00000000d5a00000,0x00000000d5a00000,0x00000000d5a80000)
 ParOldGen       total 684544K, used 684281K [0x0000000080000000, 0x00000000a9c80000, 0x00000000d5580000)
  object space 684544K, 99% used [0x0000000080000000,0x00000000a9c3e660,0x00000000a9c80000)
 Metaspace       used 75505K, committed 77056K, reserved 1179648K
  class space    used 7736K, committed 8448K, reserved 1048576K
}
Event: 126.719 GC heap before
{Heap before GC invocations=1569 (full 3):
 PSYoungGen      total 3584K, used 3571K [0x00000000d5580000, 0x00000000d5a80000, 0x0000000100000000)
  eden space 3072K, 100% used [0x00000000d5580000,0x00000000d5880000,0x00000000d5880000)
  from space 512K, 97% used [0x00000000d5980000,0x00000000d59fccd0,0x00000000d5a00000)
  to   space 512K, 0% used [0x00000000d5a00000,0x00000000d5a00000,0x00000000d5a80000)
 ParOldGen       total 684544K, used 684281K [0x0000000080000000, 0x00000000a9c80000, 0x00000000d5580000)
  object space 684544K, 99% used [0x0000000080000000,0x00000000a9c3e660,0x00000000a9c80000)
 Metaspace       used 75506K, committed 77056K, reserved 1179648K
  class space    used 7736K, committed 8448K, reserved 1048576K
}
Event: 126.724 GC heap after
{Heap after GC invocations=1569 (full 3):
 PSYoungGen      total 3584K, used 429K [0x00000000d5580000, 0x00000000d5a80000, 0x0000000100000000)
  eden space 3072K, 0% used [0x00000000d5580000,0x00000000d5580000,0x00000000d5880000)
  from space 512K, 83% used [0x00000000d5a00000,0x00000000d5a6b588,0x00000000d5a80000)
  to   space 1024K, 0% used [0x00000000d5880000,0x00000000d5880000,0x00000000d5980000)
 ParOldGen       total 685056K, used 684798K [0x0000000080000000, 0x00000000a9d00000, 0x00000000d5580000)
  object space 685056K, 99% used [0x0000000080000000,0x00000000a9cbfab8,0x00000000a9d00000)
 Metaspace       used 75506K, committed 77056K, reserved 1179648K
  class space    used 7736K, committed 8448K, reserved 1048576K
}
Event: 126.741 GC heap before
{Heap before GC invocations=1570 (full 3):
 PSYoungGen      total 3584K, used 3501K [0x00000000d5580000, 0x00000000d5a80000, 0x0000000100000000)
  eden space 3072K, 100% used [0x00000000d5580000,0x00000000d5880000,0x00000000d5880000)
  from space 512K, 83% used [0x00000000d5a00000,0x00000000d5a6b588,0x00000000d5a80000)
  to   space 1024K, 0% used [0x00000000d5880000,0x00000000d5880000,0x00000000d5980000)
 ParOldGen       total 685056K, used 684798K [0x0000000080000000, 0x00000000a9d00000, 0x00000000d5580000)
  object space 685056K, 99% used [0x0000000080000000,0x00000000a9cbfab8,0x00000000a9d00000)
 Metaspace       used 75506K, committed 77056K, reserved 1179648K
  class space    used 7736K, committed 8448K, reserved 1048576K
}
Event: 126.746 GC heap after
{Heap after GC invocations=1570 (full 3):
 PSYoungGen      total 4096K, used 389K [0x00000000d5580000, 0x00000000d5a80000, 0x0000000100000000)
  eden space 3072K, 0% used [0x00000000d5580000,0x00000000d5580000,0x00000000d5880000)
  from space 1024K, 38% used [0x00000000d5880000,0x00000000d58e14a0,0x00000000d5980000)
  to   space 512K, 0% used [0x00000000d5a00000,0x00000000d5a00000,0x00000000d5a80000)
 ParOldGen       total 685568K, used 685069K [0x0000000080000000, 0x00000000a9d80000, 0x00000000d5580000)
  object space 685568K, 99% used [0x0000000080000000,0x00000000a9d03730,0x00000000a9d80000)
 Metaspace       used 75506K, committed 77056K, reserved 1179648K
  class space    used 7736K, committed 8448K, reserved 1048576K
}
Event: 127.773 GC heap before
{Heap before GC invocations=1571 (full 3):
 PSYoungGen      total 4096K, used 3461K [0x00000000d5580000, 0x00000000d5a80000, 0x0000000100000000)
  eden space 3072K, 100% used [0x00000000d5580000,0x00000000d5880000,0x00000000d5880000)
  from space 1024K, 38% used [0x00000000d5880000,0x00000000d58e14a0,0x00000000d5980000)
  to   space 512K, 0% used [0x00000000d5a00000,0x00000000d5a00000,0x00000000d5a80000)
 ParOldGen       total 685568K, used 685069K [0x0000000080000000, 0x00000000a9d80000, 0x00000000d5580000)
  object space 685568K, 99% used [0x0000000080000000,0x00000000a9d03730,0x00000000a9d80000)
 Metaspace       used 75506K, committed 77056K, reserved 1179648K
  class space    used 7736K, committed 8448K, reserved 1048576K
}

